服务已启动
服务已启动
/login.html
/login.js
/index.css
/image.jpeg
/getData
服务已启动
/login.html
/login.js
/index.css
/image.jpeg
/getData
/favicon.ico
服务已启动
/login.html
/login.js
/index.css
/image.jpeg
/getData
服务已启动
/login.html
/index.css
/login.js
/image.jpeg
/getData
服务已启动
/login.html
/login.js
/index.css
/image.jpeg
/getData
服务已启动
/login.html
/login.js
/index.css
/image.jpeg
/getData
服务已启动
/login.html
/login.js
/index.css
/image.jpeg
/getData
服务已启动
/login.html
/login.js
/index.css
/image.jpeg
/getData
服务已启动
/login.html
/login.js
/index.css
/image.jpeg
/getData
/image.jpeg
/login.html
/login.js
/index.css
/image.jpeg
服务已启动
/login.html
/login.js
/index.css
/image.jpeg
/getData
服务已启动
/login.html
/login.js
/index.css
/image.jpeg
/getData
服务已启动
/login.html
/login.js
/index.css
/image.jpeg
/getData
服务已启动
/login.html
/login.js
/index.css
/image.jpeg
/getData
服务已启动
/login.html
/login.js
/index.css
/image.jpeg
/getData
服务已启动
/login.html
/login.js
/index.css
/image.jpeg
/getData
服务已启动
/login.html
/login.js
/index.css
/login.html
/login.js
/index.css
服务已启动
/login.html
/index.css
/login.js
服务已启动
/login.html
/login.js
/index.css
/login
服务已启动
/login.html
/login.js
/index.css
/login
服务已启动
/login.html
/login.js
/index.css
/login
服务已启动
/login.html
/login.js
/index.css
/login
服务已启动
/login
服务已启动
/login.html
/login.js
/index.css
/login
服务已启动
/login.html
/login.js
/index.css
/login
服务已启动
/login
/login.html
/login.js
/index.css
服务已启动
/login.html
/login.js
/index.css
/login
服务已启动
/login
服务已启动
/login.html
/login.js
/index.css
/login
服务已启动
/login
服务已启动
/login
服务已启动
/login.html
/login.js
/index.css
/login
服务已启动
/login
/login.html
/login.js
/index.css
服务已启动
/login.html
/login.js
/index.css
/login
服务已启动
/login.html
/login.js
/index.css
/login
服务已启动
/login.html
/index.css
/login.js
/login
服务已启动
/login.html
/login.js
/index.css
/login
服务已启动
/login.html
/login.js
/index.css
/login
服务已启动
/login.html
/login.js
/index.css
/login
服务已启动
/login
/login
/login
服务已启动
服务已启动
/login.html
/index.css
/login.js
/login
服务已启动
/login
/login
服务已启动
/login
/login
服务已启动
/login.html
/login.js
/index.css
/favicon.ico
/login
/main.html
服务已启动
/login.html
/login.js
/index.css
/login
/login
/main.html
/login
/login
/main.html
/login
/login
/main.html
服务已启动
/login
/login.html
/login.js
/index.css
/login
/login
/main.html
服务已启动
/login.html
/login.js
/index.css
/login
/login
/main.html
服务已启动
/login.html
/login.js
/index.css
/login
/index.css
/login.html
/login.js
/index.css
/login
服务已启动
/login
/login.html
/login.js
/index.css
/login
/login.html
/login.js
/index.css
/login
服务已启动
/login
/login.html
/login.js
/index.css
/login
服务已启动
/login.html
/login.js
/index.css
/login
服务已启动
/login.html
/login.js
/index.css
/login
/main.html
/login
/main.html
服务已启动
/login.html
/login.js
/index.css
/login
/error.html
/login
/main.html
/login.html
/login.js
/index.css
/login
/main.html
服务已启动
/login.html
/login.js
/index.css
/login
/main.html
服务已启动
服务已启动
服务已启动
服务已启动
/login.html
/login.js
/index.css
/login.html
/login.js
/index.css
服务已启动
/login.js
/index.css
/login.html
/login.js
/index.css
/login.html
/login.js
/index.css
/login.html
/login.js
/index.css
服务已启动
/login.js
/login.html
/login.html
/index.css
/login.js
/login.html
/login.html
/login
/main.html
/login.html
/login.js
/index.css
/login.html
/login.html
/login
/main.html
/login.html
/login.js
/index.css
/login.html
/login.html
服务已启动
/login.html
/login.js
/index.css
/login.html
/login.html
服务已启动
/login.html
/login.js
/index.css
/main.html
/login.html
/login.js
/index.css
服务已启动
/login
/main.html
/login.html
/login.js
/index.css
服务已启动
/login.html
/login.js
/index.css
/login
/main.html
/login.html
/index.css
/login.js
服务已启动
/login.html
/login.js
/index.css
/index.css
/login
服务已启动
/main.html
/login.html
/login.js
/index.css
/login
/main.html
服务已启动
/main.html
/login.html
/login.js
/index.css
/login
/main.html
/main.html
/login.html
/login.js
/index.css
